
> sparkle-universe@0.1.0 type-check
> tsc --noEmit

src/app/(main)/create/page.tsx(13,23): error TS2307: Cannot find module '@/components/ui/label' or its corresponding type declarations.
src/app/(main)/create/page.tsx(27,23): error TS2307: Cannot find module '@/hooks/use-toast' or its corresponding type declarations.
src/app/(main)/create/page.tsx(50,5): error TS2322: Type 'Resolver<{ title: string; content: string; excerpt?: string | undefined; categoryId?: string | undefined; youtubeVideoId?: string | undefined; tags?: string[] | undefined; seriesId?: string | undefined; seriesOrder?: number | undefined; isDraft?: boolean | undefined; }, any, { ...; }>' is not assignable to type 'Resolver<{ title: string; content: string; excerpt: string | undefined; tags: string[]; isDraft: boolean; categoryId?: string | undefined; youtubeVideoId?: string | undefined; seriesId?: string | undefined; seriesOrder?: number | undefined; }, any, { ...; }>'.
  Types of parameters 'options' and 'options' are incompatible.
    Type 'ResolverOptions<{ title: string; content: string; excerpt: string | undefined; tags: string[]; isDraft: boolean; categoryId?: string | undefined; youtubeVideoId?: string | undefined; seriesId?: string | undefined; seriesOrder?: number | undefined; }>' is not assignable to type 'ResolverOptions<{ title: string; content: string; excerpt?: string | undefined; categoryId?: string | undefined; youtubeVideoId?: string | undefined; tags?: string[] | undefined; seriesId?: string | undefined; seriesOrder?: number | undefined; isDraft?: boolean | undefined; }>'.
      Type '{ title: string; content: string; excerpt?: string | undefined; categoryId?: string | undefined; youtubeVideoId?: string | undefined; tags?: string[] | undefined; seriesId?: string | undefined; seriesOrder?: number | undefined; isDraft?: boolean | undefined; }' is not assignable to type '{ title: string; content: string; excerpt: string | undefined; tags: string[]; isDraft: boolean; categoryId?: string | undefined; youtubeVideoId?: string | undefined; seriesId?: string | undefined; seriesOrder?: number | undefined; }'.
        Property 'excerpt' is optional in type '{ title: string; content: string; excerpt?: string | undefined; categoryId?: string | undefined; youtubeVideoId?: string | undefined; tags?: string[] | undefined; seriesId?: string | undefined; seriesOrder?: number | undefined; isDraft?: boolean | undefined; }' but required in type '{ title: string; content: string; excerpt: string | undefined; tags: string[]; isDraft: boolean; categoryId?: string | undefined; youtubeVideoId?: string | undefined; seriesId?: string | undefined; seriesOrder?: number | undefined; }'.
src/app/(main)/create/page.tsx(72,36): error TS2339: Property 'category' does not exist on type 'CreateTRPCReactBase<BuiltRouter<{ ctx: { session: Session | null; db: PrismaClient<PrismaClientOptions, never, DefaultArgs>; headers: Headers; req: Request | undefined; }; meta: object; errorShape: { ...; }; transformer: true; }, DecorateCreateRouterOptions<...>>, unknown> & DecorateRouterRecord<...>'.
src/app/(main)/create/page.tsx(153,45): error TS2345: Argument of type '(data: CreatePostInput) => Promise<void>' is not assignable to parameter of type 'SubmitHandler<TFieldValues>'.
  Types of parameters 'data' and 'data' are incompatible.
    Type 'TFieldValues' is not assignable to type '{ title: string; content: string; excerpt: string | undefined; tags: string[]; isDraft: boolean; categoryId?: string | undefined; youtubeVideoId?: string | undefined; seriesId?: string | undefined; seriesOrder?: number | undefined; }'.
      Type 'FieldValues' is missing the following properties from type '{ title: string; content: string; excerpt: string | undefined; tags: string[]; isDraft: boolean; categoryId?: string | undefined; youtubeVideoId?: string | undefined; seriesId?: string | undefined; seriesOrder?: number | undefined; }': title, content, excerpt, tags, isDraft
src/app/(main)/create/page.tsx(282,46): error TS2345: Argument of type '(data: CreatePostInput) => Promise<void>' is not assignable to parameter of type 'SubmitHandler<TFieldValues>'.
  Types of parameters 'data' and 'data' are incompatible.
    Type 'TFieldValues' is not assignable to type '{ title: string; content: string; excerpt: string | undefined; tags: string[]; isDraft: boolean; categoryId?: string | undefined; youtubeVideoId?: string | undefined; seriesId?: string | undefined; seriesOrder?: number | undefined; }'.
      Type 'FieldValues' is missing the following properties from type '{ title: string; content: string; excerpt: string | undefined; tags: string[]; isDraft: boolean; categoryId?: string | undefined; youtubeVideoId?: string | undefined; seriesId?: string | undefined; seriesOrder?: number | undefined; }': title, content, excerpt, tags, isDraft
src/app/(main)/create/page.tsx(314,37): error TS7006: Parameter 'category' implicitly has an 'any' type.
src/app/admin/dashboard/page.tsx(9,41): error TS2307: Cannot find module '@/components/ui/alert' or its corresponding type declarations.
src/app/admin/dashboard/page.tsx(38,32): error TS2307: Cannot find module '@/components/admin/analytics-chart' or its corresponding type declarations.
src/app/admin/dashboard/page.tsx(39,33): error TS2307: Cannot find module '@/components/admin/realtime-metrics' or its corresponding type declarations.
src/app/admin/dashboard/page.tsx(40,32): error TS2307: Cannot find module '@/components/admin/recent-activity' or its corresponding type declarations.
src/app/admin/dashboard/page.tsx(41,28): error TS2307: Cannot find module '@/components/admin/top-content' or its corresponding type declarations.
src/app/admin/dashboard/page.tsx(42,30): error TS2307: Cannot find module '@/components/admin/system-health' or its corresponding type declarations.
src/app/admin/dashboard/page.tsx(43,32): error TS2307: Cannot find module '@/components/admin/moderator-queue' or its corresponding type declarations.
src/app/admin/dashboard/page.tsx(44,33): error TS2307: Cannot find module '@/components/admin/charts/user-growth-chart' or its corresponding type declarations.
src/app/admin/dashboard/page.tsx(45,35): error TS2307: Cannot find module '@/components/admin/charts/engagement-heatmap' or its corresponding type declarations.
src/app/admin/dashboard/page.tsx(46,36): error TS2307: Cannot find module '@/components/admin/charts/content-performance' or its corresponding type declarations.
src/app/admin/dashboard/page.tsx(47,24): error TS2305: Module '"@/lib/utils"' has no exported member 'formatPercentage'.
src/app/admin/dashboard/page.tsx(65,39): error TS2322: Type 'TimePeriod' is not assignable to type '"month" | "week" | "day" | "quarter" | "year"'.
  Type '"today"' is not assignable to type '"month" | "week" | "day" | "quarter" | "year"'. Did you mean '"day"'?
src/app/admin/dashboard/page.tsx(92,42): error TS2345: Argument of type '"admin:newUser"' is not assignable to parameter of type 'keyof ServerToClientEvents'.
src/app/admin/dashboard/page.tsx(96,42): error TS2345: Argument of type '"admin:newPost"' is not assignable to parameter of type 'keyof ServerToClientEvents'.
src/app/admin/dashboard/page.tsx(100,40): error TS2345: Argument of type '"admin:alert"' is not assignable to parameter of type 'keyof ServerToClientEvents'.
src/app/admin/dashboard/page.tsx(250,62): error TS2554: Expected 2 arguments, but got 1.
src/app/admin/layout.tsx(5,29): error TS2307: Cannot find module '@/components/admin/admin-header' or its corresponding type declarations.
src/app/admin/layout.tsx(7,25): error TS2307: Cannot find module '@/components/ui/toaster' or its corresponding type declarations.
src/app/admin/layout.tsx(9,36): error TS2307: Cannot find module '@/components/admin/admin-notifications' or its corresponding type declarations.
src/app/admin/layout.tsx(10,38): error TS2307: Cannot find module '@/components/admin/admin-activity-monitor' or its corresponding type declarations.
src/app/admin/layout.tsx(39,7): error TS2740: Type '{ id: string; username: string; role: UserRole; image: string | null; email: string; }' is missing the following properties from type '{ image: string | null; id: string; role: UserRole; status: UserStatus; email: string; level: number; version: number; username: string; hashedPassword: string; authProvider: AuthProvider; ... 37 more ...; lastPayoutDate: Date | null; }': status, level, version, hashedPassword, and 39 more.
src/app/admin/layout.tsx(69,15): error TS2322: Type '(error: any, reset: any) => Element' is not assignable to type 'ComponentType<{ error: Error; reset: () => void; }> | undefined'.
  Type '(error: any, reset: any) => Element' is not assignable to type 'FunctionComponent<{ error: Error; reset: () => void; }>'.
    Target signature provides too few arguments. Expected 2 or more, but got 1.
src/app/admin/layout.tsx(69,26): error TS7006: Parameter 'error' implicitly has an 'any' type.
src/app/admin/layout.tsx(69,33): error TS7006: Parameter 'reset' implicitly has an 'any' type.
src/app/admin/moderation/page.tsx(9,53): error TS2307: Cannot find module '@/components/ui/alert' or its corresponding type declarations.
src/app/admin/moderation/page.tsx(52,38): error TS2307: Cannot find module '@/components/admin/content-preview-dialog' or its corresponding type declarations.
src/app/admin/moderation/page.tsx(53,35): error TS2307: Cannot find module '@/components/admin/moderation-history' or its corresponding type declarations.
src/app/admin/moderation/page.tsx(54,33): error TS2307: Cannot find module '@/components/admin/ai-analysis-panel' or its corresponding type declarations.
src/app/admin/moderation/page.tsx(55,33): error TS2307: Cannot find module '@/components/admin/moderation-stats' or its corresponding type declarations.
src/app/admin/moderation/page.tsx(58,23): error TS2307: Cannot find module '@/components/ui/use-toast' or its corresponding type declarations.
src/app/admin/moderation/page.tsx(145,44): error TS2345: Argument of type '"moderation:newReport"' is not assignable to parameter of type 'keyof ServerToClientEvents'.
src/app/admin/moderation/page.tsx(149,41): error TS2345: Argument of type '"moderation:aiFlag"' is not assignable to parameter of type 'keyof ServerToClientEvents'.
src/app/admin/moderation/page.tsx(168,7): error TS7006: Parameter 'item' implicitly has an 'any' type.
src/app/admin/moderation/page.tsx(173,35): error TS7006: Parameter 'item' implicitly has an 'any' type.
src/app/admin/moderation/page.tsx(286,23): error TS2339: Property 'pending' does not exist on type '{ pendingCount: number; reviewedToday: number; autoBlockedToday: number; averageReviewTime: number; }'.
src/app/admin/moderation/page.tsx(301,23): error TS2339: Property 'approvedToday' does not exist on type '{ pendingCount: number; reviewedToday: number; autoBlockedToday: number; averageReviewTime: number; }'.
src/app/admin/moderation/page.tsx(316,23): error TS2339: Property 'rejectedToday' does not exist on type '{ pendingCount: number; reviewedToday: number; autoBlockedToday: number; averageReviewTime: number; }'.
src/app/admin/moderation/page.tsx(331,25): error TS2339: Property 'aiAccuracy' does not exist on type '{ pendingCount: number; reviewedToday: number; autoBlockedToday: number; averageReviewTime: number; }'.
src/app/admin/moderation/page.tsx(346,38): error TS2339: Property 'avgModerationTime' does not exist on type '{ pendingCount: number; reviewedToday: number; autoBlockedToday: number; averageReviewTime: number; }'.
src/app/admin/moderation/page.tsx(623,44): error TS2339: Property 'aiStats' does not exist on type '{ pendingCount: number; reviewedToday: number; autoBlockedToday: number; averageReviewTime: number; }'.
src/app/admin/moderation/page.tsx(646,24): error TS7006: Parameter 'action' implicitly has an 'any' type.
src/app/admin/users/page.tsx(10,41): error TS2307: Cannot find module '@/components/ui/alert' or its corresponding type declarations.
src/app/admin/users/page.tsx(68,35): error TS2307: Cannot find module '@/components/admin/user-details-dialog' or its corresponding type declarations.
src/app/admin/users/page.tsx(69,34): error TS2307: Cannot find module '@/components/admin/bulk-action-dialog' or its corresponding type declarations.
src/app/admin/users/page.tsx(70,31): error TS2307: Cannot find module '@/components/admin/user-analytics' or its corresponding type declarations.
src/app/admin/users/page.tsx(73,29): error TS2307: Cannot find module '@/hooks/use-debounce' or its corresponding type declarations.
src/app/admin/users/page.tsx(74,23): error TS2307: Cannot find module '@/components/ui/use-toast' or its corresponding type declarations.
src/app/admin/users/page.tsx(180,11): error TS18048: 'data.users.length' is possibly 'undefined'.
src/app/admin/users/page.tsx(180,37): error TS18048: 'data' is possibly 'undefined'.
src/app/admin/users/page.tsx(228,7): error TS2322: Type 'string' is not assignable to type '"role" | "email" | "delete" | "verify" | "ban" | "unban"'.
src/app/admin/users/page.tsx(437,23): error TS2322: Type '{ checked: boolean; indeterminate: boolean | undefined; onCheckedChange: () => void; }' is not assignable to type 'IntrinsicAttributes & CheckboxProps & RefAttributes<HTMLButtonElement>'.
  Property 'indeterminate' does not exist on type 'IntrinsicAttributes & CheckboxProps & RefAttributes<HTMLButtonElement>'.
src/app/admin/users/page.tsx(563,32): error TS2532: Object is possibly 'undefined'.
src/app/admin/users/page.tsx(655,35): error TS2322: Type 'string' is not assignable to type '"USER" | "MODERATOR" | "ADMIN" | "CREATOR" | "VERIFIED_CREATOR" | "SYSTEM"'.
src/app/admin/users/page.tsx(697,53): error TS2345: Argument of type '{ userId: string; }' is not assignable to parameter of type '{ userId: string; reason: string; deleteContent?: boolean | undefined; }'.
  Property 'reason' is missing in type '{ userId: string; }' but required in type '{ userId: string; reason: string; deleteContent?: boolean | undefined; }'.
src/app/admin/users/page.tsx(752,22): error TS7006: Parameter 'action' implicitly has an 'any' type.
src/app/admin/users/page.tsx(752,30): error TS7006: Parameter 'params' implicitly has an 'any' type.
src/app/api-docs/page.tsx(5,23): error TS2307: Cannot find module 'swagger-ui-react' or its corresponding type declarations.
src/app/api/admin/jobs/route.ts(44,10): error TS7053: Element implicitly has an 'any' type because expression of type 'any' can't be used to index type '{ send: (payload: any) => Promise<Job<any, any, string>>; bulk: (payload: any) => Promise<Job<any, any, string>>; digest: (userId: string) => Promise<Job<any, any, string>>; } | { ...; } | { ...; } | { ...; } | { ...; }'.
src/app/api/admin/jobs/route.ts(52,31): error TS7053: Element implicitly has an 'any' type because expression of type 'any' can't be used to index type '{ send: (payload: any) => Promise<Job<any, any, string>>; bulk: (payload: any) => Promise<Job<any, any, string>>; digest: (userId: string) => Promise<Job<any, any, string>>; } | { ...; } | { ...; } | { ...; } | { ...; }'.
src/app/api/trpc/[trpc]/route.ts(15,44): error TS2345: Argument of type '{ req: NextRequest; }' is not assignable to parameter of type 'FetchCreateContextFnOptions | CreateNextContextOptions'.
  Type '{ req: NextRequest; }' is missing the following properties from type 'CreateNextContextOptions': res, info
src/app/layout.tsx(7,31): error TS2307: Cannot find module '@/components/providers/theme-provider' or its corresponding type declarations.
src/app/layout.tsx(8,31): error TS2307: Cannot find module '@/components/providers/query-provider' or its corresponding type declarations.
src/app/layout.tsx(9,25): error TS2307: Cannot find module '@/components/ui/toaster' or its corresponding type declarations.
src/components/error-boundary.tsx(32,3): error TS4114: This member must have an 'override' modifier because it overrides a member in the base class 'Component<ErrorBoundaryProps, ErrorBoundaryState, any>'.
src/components/error-boundary.tsx(44,3): error TS4114: This member must have an 'override' modifier because it overrides a member in the base class 'Component<ErrorBoundaryProps, ErrorBoundaryState, any>'.
src/components/features/comments/comment-form.tsx(14,23): error TS2307: Cannot find module '@/hooks/use-toast' or its corresponding type declarations.
src/components/features/comments/comment-form.tsx(18,29): error TS2307: Cannot find module '@/components/ui/emoji-picker' or its corresponding type declarations.
src/components/features/comments/comment-form.tsx(19,29): error TS2307: Cannot find module '@/hooks/use-debounce' or its corresponding type declarations.
src/components/features/comments/comment-form.tsx(136,24): error TS2345: Argument of type 'string | undefined' is not assignable to parameter of type 'SetStateAction<string>'.
  Type 'undefined' is not assignable to type 'SetStateAction<string>'.
src/components/features/comments/comment-form.tsx(207,39): error TS2339: Property 'isLoading' does not exist on type 'UseTRPCMutationResult<{ _count: { reactions: number; replies: number; }; author: ({ profile: { id: string; displayName: string | null; createdAt: Date; updatedAt: Date; userId: string; bannerImage: string | null; ... 26 more ...; profileCompleteness: number; } | null; } & { ...; }) | null; } & { ...; }, TRPCClientEr...'.
  Property 'isLoading' does not exist on type 'TRPCHookResult & Override<MutationObserverIdleResult<{ _count: { reactions: number; replies: number; }; author: ({ profile: { id: string; displayName: string | null; createdAt: Date; updatedAt: Date; ... 28 more ...; profileCompleteness: number; } | null; } & { ...; }) | null; } & { ...; }, TRPCClientErrorLike<...>,...'.
src/components/features/comments/comment-form.tsx(207,67): error TS2339: Property 'isLoading' does not exist on type 'UseTRPCMutationResult<{ postId: string; _count: { reactions: number; replies: number; }; author: ({ profile: { id: string; displayName: string | null; createdAt: Date; updatedAt: Date; userId: string; ... 27 more ...; profileCompleteness: number; } | null; } & { ...; }) | null; ... 21 more ...; pinned: boolean; }, T...'.
  Property 'isLoading' does not exist on type 'TRPCHookResult & Override<MutationObserverIdleResult<{ postId: string; _count: { reactions: number; replies: number; }; author: ({ profile: { id: string; displayName: string | null; createdAt: Date; ... 29 more ...; profileCompleteness: number; } | null; } & { ...; }) | null; ... 21 more ...; pinned: boolean; }, TRP...'.
src/components/features/comments/comment-form.tsx(332,19): error TS2345: Argument of type 'string | undefined' is not assignable to parameter of type 'string'.
  Type 'undefined' is not assignable to type 'string'.
src/components/features/comments/comment-item.tsx(21,23): error TS2307: Cannot find module '@/hooks/use-toast' or its corresponding type declarations.
src/components/features/comments/comment-item.tsx(343,70): error TS18046: 'count' is of type 'unknown'.
src/components/features/comments/comment-item.tsx(347,27): error TS2322: Type 'unknown' is not assignable to type 'ReactNode'.
src/components/features/comments/comment-item.tsx(411,73): error TS7006: Parameter 'reply' implicitly has an 'any' type.
src/components/features/comments/comment-thread.tsx(9,26): error TS2307: Cannot find module '@/components/ui/skeleton' or its corresponding type declarations.
src/components/features/comments/comment-thread.tsx(75,10): error TS2345: Argument of type '"comment.created"' is not assignable to parameter of type 'keyof ServerToClientEvents'.
src/components/features/comments/comment-thread.tsx(98,10): error TS2345: Argument of type '"comment.updated"' is not assignable to parameter of type 'keyof ServerToClientEvents'.
src/components/features/comments/comment-thread.tsx(109,41): error TS7006: Parameter 'comment' implicitly has an 'any' type.
src/components/features/comments/comment-thread.tsx(122,10): error TS2345: Argument of type '"comment.deleted"' is not assignable to parameter of type 'keyof ServerToClientEvents'.
src/components/features/comments/comment-thread.tsx(133,44): error TS7006: Parameter 'comment' implicitly has an 'any' type.
src/components/features/comments/comment-thread.tsx(142,10): error TS2345: Argument of type '"comment.typing"' is not assignable to parameter of type 'keyof ServerToClientEvents'.
src/components/features/comments/mention-suggestions.tsx(25,7): error TS2769: No overload matches this call.
  Overload 1 of 2, '(input: { query: string; limit?: number | undefined; excludeIds?: string[] | undefined; type?: "mentions" | "all" | "creators" | undefined; } | typeof skipToken, opts: DefinedUseTRPCQueryOptions<any, any, TRPCClientErrorLike<...>, any>): DefinedUseTRPCQueryResult<...>', gave the following error.
    Object literal may only specify known properties, and 'keepPreviousData' does not exist in type 'DefinedUseTRPCQueryOptions<any, any, TRPCClientErrorLike<{ errorShape: { data: { zodError: $ZodFlattenedError<unknown, string> | null; code: "PARSE_ERROR" | "BAD_REQUEST" | "INTERNAL_SERVER_ERROR" | "NOT_IMPLEMENTED" | ... 15 more ... | "CLIENT_CLOSED_REQUEST"; httpStatus: number; path?: string | undefined; stack?: ...'.
  Overload 2 of 2, '(input: { query: string; limit?: number | undefined; excludeIds?: string[] | undefined; type?: "mentions" | "all" | "creators" | undefined; } | typeof skipToken, opts?: UseTRPCQueryOptions<any, any, TRPCClientErrorLike<...>, any> | undefined): UseTRPCQueryResult<...>', gave the following error.
    Object literal may only specify known properties, and 'keepPreviousData' does not exist in type 'UseTRPCQueryOptions<any, any, TRPCClientErrorLike<{ input: { query: string; limit?: number | undefined; excludeIds?: string[] | undefined; type?: "mentions" | "all" | "creators" | undefined; }; output: any; transformer: true; errorShape: { ...; }; }>, any>'.
src/components/features/comments/mention-suggestions.tsx(83,23): error TS7006: Parameter 'user' implicitly has an 'any' type.
src/components/features/comments/mention-suggestions.tsx(83,29): error TS7006: Parameter 'index' implicitly has an 'any' type.
src/components/features/comments/reaction-picker.tsx(106,22): error TS2554: Expected 1 arguments, but got 0.
src/components/features/comments/reaction-picker.tsx(192,30): error TS2339: Property 'filled' does not exist on type '{ icon: ForwardRefExoticComponent<Omit<LucideProps, "ref"> & RefAttributes<SVGSVGElement>>; label: string; color: string; bgColor: string; animation: string; }'.
src/components/features/comments/reaction-picker.tsx(246,61): error TS2339: Property 'filled' does not exist on type '{ icon: ForwardRefExoticComponent<Omit<LucideProps, "ref"> & RefAttributes<SVGSVGElement>>; label: string; color: string; bgColor: string; animation: string; } | ... 7 more ... | { ...; }'.
  Property 'filled' does not exist on type '{ icon: ForwardRefExoticComponent<Omit<LucideProps, "ref"> & RefAttributes<SVGSVGElement>>; label: string; color: string; bgColor: string; animation: string; }'.
src/components/features/editor/rich-text-editor.tsx(4,36): error TS2305: Module '"@tiptap/react"' has no exported member 'BubbleMenu'.
src/components/features/editor/rich-text-editor.tsx(4,48): error TS2305: Module '"@tiptap/react"' has no exported member 'FloatingMenu'.
src/components/features/editor/rich-text-editor.tsx(11,10): error TS2305: Module '"lowlight"' has no exported member 'lowlight'.
src/components/features/editor/rich-text-editor.tsx(13,24): error TS2307: Cannot find module '@/components/ui/toggle' or its corresponding type declarations.
src/components/features/gamification/achievement-details-modal.tsx(41,36): error TS2724: '"@/lib/utils"' has no exported member named 'formatRelativeTime'. Did you mean 'formatRelativeDate'?
src/components/features/gamification/achievement-details-modal.tsx(42,23): error TS2307: Cannot find module '@/hooks/use-toast' or its corresponding type declarations.
src/components/features/gamification/achievement-details-modal.tsx(43,22): error TS7016: Could not find a declaration file for module 'canvas-confetti'. '/Home1/test/node_modules/canvas-confetti/src/confetti.js' implicitly has an 'any' type.
  Try `npm i --save-dev @types/canvas-confetti` if it exists or add a new declaration (.d.ts) file containing `declare module 'canvas-confetti';`
src/components/features/gamification/achievement-details-modal.tsx(396,39): error TS2339: Property 'badgeId' does not exist on type '{ stats: { totalUnlocked: number; completionRate: number; firstUnlockedBy: { id: string; username: string; } | undefined; avgTimeToUnlock: any; unlockRate: number; }; _count: { userAchievements: number; }; ... 29 more ...; maxAchievers: number | null; }'.
src/components/features/gamification/achievement-details-modal.tsx(517,37): error TS2339: Property 'tips' does not exist on type '{ stats: { totalUnlocked: number; completionRate: number; firstUnlockedBy: { id: string; username: string; } | undefined; avgTimeToUnlock: any; unlockRate: number; }; _count: { userAchievements: number; }; ... 29 more ...; maxAchievers: number | null; }'.
src/components/features/gamification/achievement-details-modal.tsx(521,42): error TS2339: Property 'tips' does not exist on type '{ stats: { totalUnlocked: number; completionRate: number; firstUnlockedBy: { id: string; username: string; } | undefined; avgTimeToUnlock: any; unlockRate: number; }; _count: { userAchievements: number; }; ... 29 more ...; maxAchievers: number | null; }'.
src/components/features/gamification/level-progress.tsx(22,22): error TS7016: Could not find a declaration file for module 'canvas-confetti'. '/Home1/test/node_modules/canvas-confetti/src/confetti.js' implicitly has an 'any' type.
  Try `npm i --save-dev @types/canvas-confetti` if it exists or add a new declaration (.d.ts) file containing `declare module 'canvas-confetti';`
src/components/features/post/post-card.tsx(35,23): error TS2307: Cannot find module '@/hooks/use-toast' or its corresponding type declarations.
src/components/features/post/post-card.tsx(65,20): error TS7006: Parameter 'prev' implicitly has an 'any' type.
src/components/features/post/post-card.tsx(69,20): error TS7006: Parameter 'prev' implicitly has an 'any' type.
src/components/features/post/post-card.tsx(81,20): error TS7006: Parameter 'prev' implicitly has an 'any' type.
src/components/features/post/post-card.tsx(85,20): error TS7006: Parameter 'prev' implicitly has an 'any' type.
src/components/features/post/post-card.tsx(309,42): error TS7006: Parameter 'tag' implicitly has an 'any' type.
src/components/features/post/post-card.tsx(321,24): error TS2322: Type '"ghost"' is not assignable to type '"default" | "destructive" | "outline" | "secondary" | null | undefined'.
src/components/features/youtube/youtube-embed.tsx(9,26): error TS2307: Cannot find module '@/components/ui/skeleton' or its corresponding type declarations.
src/components/features/youtube/youtube-embed.tsx(85,32): error TS2339: Property 'YT' does not exist on type 'Window & typeof globalThis'.
src/components/features/youtube/youtube-embed.tsx(87,31): error TS2339: Property 'YT' does not exist on type 'Window & typeof globalThis'.
src/components/features/youtube/youtube-embed.tsx(105,37): error TS2339: Property 'YT' does not exist on type 'Window & typeof globalThis'.
src/components/features/youtube/youtube-embed.tsx(108,44): error TS2339: Property 'YT' does not exist on type 'Window & typeof globalThis'.
src/components/features/youtube/youtube-embed.tsx(111,44): error TS2339: Property 'YT' does not exist on type 'Window & typeof globalThis'.
src/components/features/youtube/youtube-embed.tsx(135,37): error TS2339: Property 'YT' does not exist on type 'Window & typeof globalThis'.
src/components/features/youtube/youtube-embed.tsx(136,29): error TS2339: Property 'YT' does not exist on type 'Window & typeof globalThis'.
src/components/features/youtube/youtube-embed.tsx(361,33): error TS2345: Argument of type 'number | undefined' is not assignable to parameter of type 'number'.
  Type 'undefined' is not assignable to type 'number'.
src/components/features/youtube/youtube-embed.tsx(365,33): error TS2345: Argument of type 'number | undefined' is not assignable to parameter of type 'number'.
  Type 'undefined' is not assignable to type 'number'.
src/components/features/youtube/youtube-embed.tsx(388,24): error TS2322: Type '"ghost"' is not assignable to type '"default" | "destructive" | "outline" | "secondary" | null | undefined'.
src/components/features/youtube/youtube-embed.tsx(408,46): error TS2339: Property 'YT' does not exist on type 'Window & typeof globalThis'.
src/components/features/youtube/youtube-embed.tsx(412,3): error TS18048: 'firstScriptTag' is possibly 'undefined'.
src/components/features/youtube/youtube-embed.tsx(412,48): error TS2345: Argument of type 'HTMLScriptElement | undefined' is not assignable to parameter of type 'Node | null'.
  Type 'undefined' is not assignable to type 'Node | null'.
src/components/providers/admin-provider.tsx(65,35): error TS2345: Argument of type '"admin:notification"' is not assignable to parameter of type 'keyof ServerToClientEvents'.
src/hooks/use-auth.ts(68,13): error TS2741: Property 'SYSTEM' is missing in type '{ USER: number; CREATOR: number; VERIFIED_CREATOR: number; MODERATOR: number; ADMIN: number; }' but required in type 'Record<UserRole, number>'.
src/hooks/use-socket.ts(8,23): error TS2307: Cannot find module './use-toast' or its corresponding type declarations.
src/hooks/use-socket.ts(295,35): error TS2345: Argument of type 'ServerToClientEvents[K]' is not assignable to parameter of type 'FallbackToUntypedListener<K extends "disconnect" | "connect" | "connect_error" ? SocketReservedEvents[K] : K extends "error" | "disconnect" | "connect" | ... 24 more ... | "announcement" ? ServerToClientEvents[K] : never>'.
  Type '(() => void) | ((reason: string) => void) | ((error: { message: string; code?: string | undefined; }) => void) | ((notification: { title: string; id: string; userId: string; createdAt: Date; type: NotificationType; ... 18 more ...; dismissedAt: Date | null; }) => void) | ... 23 more ... | ((message: string) => void)' is not assignable to type 'FallbackToUntypedListener<K extends "disconnect" | "connect" | "connect_error" ? SocketReservedEvents[K] : K extends "error" | "disconnect" | "connect" | ... 24 more ... | "announcement" ? ServerToClientEvents[K] : never>'.
    Type '() => void' is not assignable to type 'FallbackToUntypedListener<K extends "disconnect" | "connect" | "connect_error" ? SocketReservedEvents[K] : K extends "error" | "disconnect" | "connect" | ... 24 more ... | "announcement" ? ServerToClientEvents[K] : never>'.
src/hooks/use-socket.ts(301,37): error TS2345: Argument of type 'ServerToClientEvents[K]' is not assignable to parameter of type 'FallbackToUntypedListener<K extends "disconnect" | "connect" | "connect_error" ? SocketReservedEvents[K] : K extends "error" | "disconnect" | "connect" | ... 24 more ... | "announcement" ? ServerToClientEvents[K] : never> | undefined'.
  Type '(() => void) | ((reason: string) => void) | ((error: { message: string; code?: string | undefined; }) => void) | ((notification: { title: string; id: string; userId: string; createdAt: Date; type: NotificationType; ... 18 more ...; dismissedAt: Date | null; }) => void) | ... 23 more ... | ((message: string) => void)' is not assignable to type 'FallbackToUntypedListener<K extends "disconnect" | "connect" | "connect_error" ? SocketReservedEvents[K] : K extends "error" | "disconnect" | "connect" | ... 24 more ... | "announcement" ? ServerToClientEvents[K] : never> | undefined'.
    Type '() => void' is not assignable to type 'FallbackToUntypedListener<K extends "disconnect" | "connect" | "connect_error" ? SocketReservedEvents[K] : K extends "error" | "disconnect" | "connect" | ... 24 more ... | "announcement" ? ServerToClientEvents[K] : never>'.
      Type 'ServerToClientEvents[K]' is not assignable to type 'FallbackToUntypedListener<K extends "disconnect" | "connect" | "connect_error" ? SocketReservedEvents[K] : K extends "error" | "disconnect" | "connect" | ... 24 more ... | "announcement" ? ServerToClientEvents[K] : never>'.
        Type '(() => void) | ((reason: string) => void) | ((error: { message: string; code?: string | undefined; }) => void) | ((notification: { title: string; id: string; userId: string; createdAt: Date; type: NotificationType; ... 18 more ...; dismissedAt: Date | null; }) => void) | ... 23 more ... | ((message: string) => void)' is not assignable to type 'FallbackToUntypedListener<K extends "disconnect" | "connect" | "connect_error" ? SocketReservedEvents[K] : K extends "error" | "disconnect" | "connect" | ... 24 more ... | "announcement" ? ServerToClientEvents[K] : never>'.
          Type '() => void' is not assignable to type 'FallbackToUntypedListener<K extends "disconnect" | "connect" | "connect_error" ? SocketReservedEvents[K] : K extends "error" | "disconnect" | "connect" | ... 24 more ... | "announcement" ? ServerToClientEvents[K] : never>'.
src/hooks/use-socket.ts(311,37): error TS2345: Argument of type 'ServerToClientEvents[K]' is not assignable to parameter of type 'FallbackToUntypedListener<K extends "disconnect" | "connect" | "connect_error" ? SocketReservedEvents[K] : K extends "error" | "disconnect" | "connect" | ... 24 more ... | "announcement" ? ServerToClientEvents[K] : never>'.
  Type '(() => void) | ((reason: string) => void) | ((error: { message: string; code?: string | undefined; }) => void) | ((notification: { title: string; id: string; userId: string; createdAt: Date; type: NotificationType; ... 18 more ...; dismissedAt: Date | null; }) => void) | ... 23 more ... | ((message: string) => void)' is not assignable to type 'FallbackToUntypedListener<K extends "disconnect" | "connect" | "connect_error" ? SocketReservedEvents[K] : K extends "error" | "disconnect" | "connect" | ... 24 more ... | "announcement" ? ServerToClientEvents[K] : never>'.
    Type '() => void' is not assignable to type 'FallbackToUntypedListener<K extends "disconnect" | "connect" | "connect_error" ? SocketReservedEvents[K] : K extends "error" | "disconnect" | "connect" | ... 24 more ... | "announcement" ? ServerToClientEvents[K] : never>'.
src/hooks/use-socket.ts(315,37): error TS2345: Argument of type 'ServerToClientEvents[K]' is not assignable to parameter of type 'FallbackToUntypedListener<K extends "disconnect" | "connect" | "connect_error" ? SocketReservedEvents[K] : K extends "error" | "disconnect" | "connect" | ... 24 more ... | "announcement" ? ServerToClientEvents[K] : never> | undefined'.
  Type '(() => void) | ((reason: string) => void) | ((error: { message: string; code?: string | undefined; }) => void) | ((notification: { title: string; id: string; userId: string; createdAt: Date; type: NotificationType; ... 18 more ...; dismissedAt: Date | null; }) => void) | ... 23 more ... | ((message: string) => void)' is not assignable to type 'FallbackToUntypedListener<K extends "disconnect" | "connect" | "connect_error" ? SocketReservedEvents[K] : K extends "error" | "disconnect" | "connect" | ... 24 more ... | "announcement" ? ServerToClientEvents[K] : never> | undefined'.
    Type '() => void' is not assignable to type 'FallbackToUntypedListener<K extends "disconnect" | "connect" | "connect_error" ? SocketReservedEvents[K] : K extends "error" | "disconnect" | "connect" | ... 24 more ... | "announcement" ? ServerToClientEvents[K] : never>'.
      Type 'ServerToClientEvents[K]' is not assignable to type 'FallbackToUntypedListener<K extends "disconnect" | "connect" | "connect_error" ? SocketReservedEvents[K] : K extends "error" | "disconnect" | "connect" | ... 24 more ... | "announcement" ? ServerToClientEvents[K] : never>'.
        Type '(() => void) | ((reason: string) => void) | ((error: { message: string; code?: string | undefined; }) => void) | ((notification: { title: string; id: string; userId: string; createdAt: Date; type: NotificationType; ... 18 more ...; dismissedAt: Date | null; }) => void) | ... 23 more ... | ((message: string) => void)' is not assignable to type 'FallbackToUntypedListener<K extends "disconnect" | "connect" | "connect_error" ? SocketReservedEvents[K] : K extends "error" | "disconnect" | "connect" | ... 24 more ... | "announcement" ? ServerToClientEvents[K] : never>'.
          Type '() => void' is not assignable to type 'FallbackToUntypedListener<K extends "disconnect" | "connect" | "connect_error" ? SocketReservedEvents[K] : K extends "error" | "disconnect" | "connect" | ... 24 more ... | "announcement" ? ServerToClientEvents[K] : never>'.
src/hooks/use-socket.ts(326,37): error TS2345: Argument of type 'ServerToClientEvents[K]' is not assignable to parameter of type 'FallbackToUntypedListener<K extends "disconnect" | "connect" | "connect_error" ? SocketReservedEvents[K] : K extends "error" | "disconnect" | "connect" | ... 24 more ... | "announcement" ? ServerToClientEvents[K] : never> | undefined'.
  Type '(() => void) | ((reason: string) => void) | ((error: { message: string; code?: string | undefined; }) => void) | ((notification: { title: string; id: string; userId: string; createdAt: Date; type: NotificationType; ... 18 more ...; dismissedAt: Date | null; }) => void) | ... 23 more ... | ((message: string) => void)' is not assignable to type 'FallbackToUntypedListener<K extends "disconnect" | "connect" | "connect_error" ? SocketReservedEvents[K] : K extends "error" | "disconnect" | "connect" | ... 24 more ... | "announcement" ? ServerToClientEvents[K] : never> | undefined'.
    Type '() => void' is not assignable to type 'FallbackToUntypedListener<K extends "disconnect" | "connect" | "connect_error" ? SocketReservedEvents[K] : K extends "error" | "disconnect" | "connect" | ... 24 more ... | "announcement" ? ServerToClientEvents[K] : never>'.
      Type 'ServerToClientEvents[K]' is not assignable to type 'FallbackToUntypedListener<K extends "disconnect" | "connect" | "connect_error" ? SocketReservedEvents[K] : K extends "error" | "disconnect" | "connect" | ... 24 more ... | "announcement" ? ServerToClientEvents[K] : never>'.
        Type '(() => void) | ((reason: string) => void) | ((error: { message: string; code?: string | undefined; }) => void) | ((notification: { title: string; id: string; userId: string; createdAt: Date; type: NotificationType; ... 18 more ...; dismissedAt: Date | null; }) => void) | ... 23 more ... | ((message: string) => void)' is not assignable to type 'FallbackToUntypedListener<K extends "disconnect" | "connect" | "connect_error" ? SocketReservedEvents[K] : K extends "error" | "disconnect" | "connect" | ... 24 more ... | "announcement" ? ServerToClientEvents[K] : never>'.
          Type '() => void' is not assignable to type 'FallbackToUntypedListener<K extends "disconnect" | "connect" | "connect_error" ? SocketReservedEvents[K] : K extends "error" | "disconnect" | "connect" | ... 24 more ... | "announcement" ? ServerToClientEvents[K] : never>'.
src/hooks/use-socket.ts(586,28): error TS2554: Expected 1 arguments, but got 0.
src/lib/api.ts(7,28): error TS2552: Cannot find name 'inferRouterInputs'. Did you mean 'RouterInputs'?
src/lib/api.ts(8,29): error TS2552: Cannot find name 'inferRouterOutputs'. Did you mean 'RouterOutputs'?
src/lib/auth/auth.config.ts(38,3): error TS2322: Type 'import("/Home1/test/node_modules/@auth/prisma-adapter/node_modules/@auth/core/adapters").Adapter' is not assignable to type 'import("/Home1/test/node_modules/next-auth/adapters").Adapter'.
  Types of property 'getUser' are incompatible.
    Type '((id: string) => import("/Home1/test/node_modules/@auth/prisma-adapter/node_modules/@auth/core/types").Awaitable<import("/Home1/test/node_modules/@auth/prisma-adapter/node_modules/@auth/core/adapters").AdapterUser | null>) | undefined' is not assignable to type '((id: string) => import("/Home1/test/node_modules/next-auth/core/types").Awaitable<import("/Home1/test/node_modules/next-auth/adapters").AdapterUser | null>) | undefined'.
      Type '(id: string) => import("/Home1/test/node_modules/@auth/prisma-adapter/node_modules/@auth/core/types").Awaitable<import("/Home1/test/node_modules/@auth/prisma-adapter/node_modules/@auth/core/adapters").AdapterUser | null>' is not assignable to type '(id: string) => import("/Home1/test/node_modules/next-auth/core/types").Awaitable<import("/Home1/test/node_modules/next-auth/adapters").AdapterUser | null>'.
        Type 'import("/Home1/test/node_modules/@auth/prisma-adapter/node_modules/@auth/core/types").Awaitable<import("/Home1/test/node_modules/@auth/prisma-adapter/node_modules/@auth/core/adapters").AdapterUser | null>' is not assignable to type 'import("/Home1/test/node_modules/next-auth/core/types").Awaitable<import("/Home1/test/node_modules/next-auth/adapters").AdapterUser | null>'.
          Type 'AdapterUser' is not assignable to type 'Awaitable<AdapterUser | null>'.
            Type 'AdapterUser' is missing the following properties from type 'AdapterUser': username, role
src/lib/auth/auth.ts(74,7): error TS2741: Property 'SYSTEM' is missing in type '{ USER: number; CREATOR: number; VERIFIED_CREATOR: number; MODERATOR: number; ADMIN: number; }' but required in type 'Record<UserRole, number>'.
src/lib/db.ts(51,4): error TS2339: Property '$use' does not exist on type 'PrismaClient<PrismaClientOptions, never, DefaultArgs>'.
src/lib/db.ts(51,16): error TS7006: Parameter 'params' implicitly has an 'any' type.
src/lib/db.ts(51,24): error TS7006: Parameter 'next' implicitly has an 'any' type.
src/lib/db.ts(90,4): error TS2339: Property '$use' does not exist on type 'PrismaClient<PrismaClientOptions, never, DefaultArgs>'.
src/lib/db.ts(90,16): error TS7006: Parameter 'params' implicitly has an 'any' type.
src/lib/db.ts(90,24): error TS7006: Parameter 'next' implicitly has an 'any' type.
src/lib/db.ts(102,4): error TS2339: Property '$use' does not exist on type 'PrismaClient<PrismaClientOptions, never, DefaultArgs>'.
src/lib/db.ts(102,16): error TS7006: Parameter 'params' implicitly has an 'any' type.
src/lib/db.ts(102,24): error TS7006: Parameter 'next' implicitly has an 'any' type.
src/lib/events/event-emitter.ts(51,3): error TS4114: This member must have an 'override' modifier because it overrides a member in the base class 'EventEmitter<DefaultEventMap>'.
src/lib/events/event-emitter.ts(59,3): error TS4114: This member must have an 'override' modifier because it overrides a member in the base class 'EventEmitter<DefaultEventMap>'.
src/lib/events/event-emitter.ts(66,3): error TS4114: This member must have an 'override' modifier because it overrides a member in the base class 'EventEmitter<DefaultEventMap>'.
src/lib/events/event-emitter.ts(73,3): error TS4114: This member must have an 'override' modifier because it overrides a member in the base class 'EventEmitter<DefaultEventMap>'.
src/lib/events/event-emitter.ts(80,3): error TS4114: This member must have an 'override' modifier because it overrides a member in the base class 'EventEmitter<DefaultEventMap>'.
src/lib/events/event-emitter.ts(92,17): error TS2345: Argument of type '"error"' is not assignable to parameter of type 'keyof SystemEvents'.
src/lib/events/event-emitter.ts(102,49): error TS2554: Expected 1-2 arguments, but got 3.
src/lib/events/event-emitter.ts(106,46): error TS2554: Expected 1-2 arguments, but got 3.
src/lib/events/event-emitter.ts(110,15): error TS2484: Export declaration conflicts with exported declaration of 'SystemEvents'.
src/lib/monitoring.ts(108,30): error TS2339: Property 'now' does not exist on type 'PerformanceMonitor'.
src/lib/monitoring.ts(120,34): error TS2339: Property 'now' does not exist on type 'PerformanceMonitor'.
src/lib/monitoring.ts(121,23): error TS18048: 'timing.endTime' is possibly 'undefined'.
src/lib/rate-limit.ts(25,38): error TS18048: 'config' is possibly 'undefined'.
src/lib/rate-limit.ts(28,61): error TS18048: 'config' is possibly 'undefined'.
src/lib/rate-limit.ts(29,35): error TS18048: 'config' is possibly 'undefined'.
src/lib/rate-limit.ts(30,43): error TS18048: 'config' is possibly 'undefined'.
src/lib/rate-limit.ts(33,25): error TS18048: 'config' is possibly 'undefined'.
src/lib/rate-limit.ts(34,14): error TS18048: 'config' is possibly 'undefined'.
src/lib/rate-limit.ts(43,38): error TS18048: 'config' is possibly 'undefined'.
src/lib/rate-limit.ts(46,11): error TS2304: Cannot find name 'redis'.
src/lib/redis.ts(65,9): error TS2322: Type 'string | undefined' is not assignable to type 'string'.
  Type 'undefined' is not assignable to type 'string'.
src/lib/redis.ts(66,27): error TS2345: Argument of type 'string | undefined' is not assignable to parameter of type 'string'.
  Type 'undefined' is not assignable to type 'string'.
src/lib/security.ts(38,19): error TS2532: Object is possibly 'undefined'.
src/lib/security.ts(77,26): error TS2769: No overload matches this call.
  Overload 1 of 4, '(arrayBuffer: WithImplicitCoercion<ArrayBufferLike>, byteOffset?: number | undefined, length?: number | undefined): Buffer<ArrayBufferLike>', gave the following error.
    Argument of type 'string | undefined' is not assignable to parameter of type 'WithImplicitCoercion<ArrayBufferLike>'.
      Type 'undefined' is not assignable to type 'WithImplicitCoercion<ArrayBufferLike>'.
  Overload 2 of 4, '(string: WithImplicitCoercion<string>, encoding?: BufferEncoding | undefined): Buffer<ArrayBuffer>', gave the following error.
    Argument of type 'string | undefined' is not assignable to parameter of type 'WithImplicitCoercion<string>'.
      Type 'undefined' is not assignable to type 'WithImplicitCoercion<string>'.
src/lib/security.ts(78,31): error TS2769: No overload matches this call.
  Overload 1 of 4, '(arrayBuffer: WithImplicitCoercion<ArrayBufferLike>, byteOffset?: number | undefined, length?: number | undefined): Buffer<ArrayBufferLike>', gave the following error.
    Argument of type 'string | undefined' is not assignable to parameter of type 'WithImplicitCoercion<ArrayBufferLike>'.
      Type 'undefined' is not assignable to type 'WithImplicitCoercion<ArrayBufferLike>'.
  Overload 2 of 4, '(string: WithImplicitCoercion<string>, encoding?: BufferEncoding | undefined): Buffer<ArrayBuffer>', gave the following error.
    Argument of type 'string | undefined' is not assignable to parameter of type 'WithImplicitCoercion<string>'.
      Type 'undefined' is not assignable to type 'WithImplicitCoercion<string>'.
src/lib/security.ts(84,35): error TS2769: No overload matches this call.
  Overload 1 of 4, '(data: ArrayBufferView<ArrayBufferLike>, inputEncoding: undefined, outputEncoding: Encoding): string', gave the following error.
    Argument of type 'string | undefined' is not assignable to parameter of type 'ArrayBufferView<ArrayBufferLike>'.
      Type 'undefined' is not assignable to type 'ArrayBufferView<ArrayBufferLike>'.
  Overload 2 of 4, '(data: string, inputEncoding: Encoding | undefined, outputEncoding: Encoding): string', gave the following error.
    Argument of type 'string | undefined' is not assignable to parameter of type 'string'.
      Type 'undefined' is not assignable to type 'string'.
src/lib/security.ts(85,3): error TS2322: Type 'string' is not assignable to type 'Buffer<ArrayBufferLike> & string'.
  Type 'string' is not assignable to type 'Buffer<ArrayBufferLike>'.
src/lib/security.ts(113,12): error TS2532: Object is possibly 'undefined'.
src/lib/socket/socket-server.ts(4,23): error TS7016: Could not find a declaration file for module 'cookie'. '/Home1/test/node_modules/cookie/index.js' implicitly has an 'any' type.
  Try `npm i --save-dev @types/cookie` if it exists or add a new declaration (.d.ts) file containing `declare module 'cookie';`
src/lib/socket/socket-server.ts(7,17): error TS2614: Module '"@/lib/redis"' has no exported member 'redisPub'. Did you mean to use 'import redisPub from "@/lib/redis"' instead?
src/lib/socket/socket-server.ts(7,27): error TS2614: Module '"@/lib/redis"' has no exported member 'redisSub'. Did you mean to use 'import redisSub from "@/lib/redis"' instead?
src/lib/socket/socket-server.ts(630,43): error TS2322: Type 'string | undefined' is not assignable to type 'string'.
  Type 'undefined' is not assignable to type 'string'.
src/lib/socket/socket-server.ts(652,5): error TS2322: Type '(string | undefined)[]' is not assignable to type 'string[]'.
  Type 'string | undefined' is not assignable to type 'string'.
    Type 'undefined' is not assignable to type 'string'.
src/lib/utils.ts(63,21): error TS18048: 'base' is possibly 'undefined'.
src/lib/utils.ts(155,18): error TS2322: Type 'string | undefined' is not assignable to type 'string | null'.
  Type 'undefined' is not assignable to type 'string | null'.
src/lib/utils.ts(235,5): error TS2578: Unused '@ts-expect-error' directive.
src/lib/utils.ts(362,3): error TS2322: Type 'string | undefined' is not assignable to type 'string'.
  Type 'undefined' is not assignable to type 'string'.
src/middleware.ts(4,10): error TS2724: '"@/lib/rate-limit"' has no exported member named 'rateLimit'. Did you mean 'ratelimit'?
src/middleware.ts(4,21): error TS2305: Module '"@/lib/rate-limit"' has no exported member 'rateLimitConfigs'.
src/server/api/root.ts(5,28): error TS2307: Cannot find module '@/server/api/routers/auth' or its corresponding type declarations.
src/server/api/root.ts(10,33): error TS2307: Cannot find module '@/server/api/routers/analytics' or its corresponding type declarations.
src/server/api/root.ts(44,29): error TS2304: Cannot find name 'createCallerFactory'.
src/server/api/routers/admin.ts(6,34): error TS2307: Cannot find module '@/server/services/analytics.service' or its corresponding type declarations.
src/server/api/routers/admin.ts(8,31): error TS2307: Cannot find module '@/server/services/system.service' or its corresponding type declarations.
src/server/api/routers/admin.ts(240,32): error TS2551: Property 'getModerationQueue' does not exist on type 'ModerationService'. Did you mean 'getModerrationQueue'?
src/server/api/routers/admin.ts(259,32): error TS2339: Property 'moderateContent' does not exist on type 'ModerationService'.
src/server/api/routers/admin.ts(273,32): error TS2339: Property 'bulkModerate' does not exist on type 'ModerationService'.
src/server/api/routers/admin.ts(282,32): error TS2339: Property 'getAISettings' does not exist on type 'ModerationService'.
src/server/api/routers/admin.ts(295,32): error TS2339: Property 'updateAISettings' does not exist on type 'ModerationService'.
src/server/api/routers/admin.ts(310,19): error TS2554: Expected 2-3 arguments, but got 1.
src/server/api/routers/comment.ts(184,24): error TS2339: Property 'action' does not exist on type '{ success: boolean; }'.
src/server/api/routers/gamification.ts(266,11): error TS2322: Type 'number | null' is not assignable to type 'number | IntFieldUpdateOperationsInput | undefined'.
  Type 'null' is not assignable to type 'number | IntFieldUpdateOperationsInput | undefined'.
src/server/api/routers/gamification.ts(746,13): error TS2532: Object is possibly 'undefined'.
src/server/api/routers/post.ts(57,9): error TS2345: Argument of type '{ id: string; excerpt: string | undefined; title?: string | undefined; content?: string | undefined; tags?: string[] | undefined; categoryId?: string | undefined; youtubeVideoId?: string | null | undefined; }' is not assignable to parameter of type 'Partial<{ title: string; content: string; excerpt: string; tags: string[]; categoryId: string; youtubeVideoId: string; }>'.
  Types of property 'youtubeVideoId' are incompatible.
    Type 'string | null | undefined' is not assignable to type 'string | undefined'.
      Type 'null' is not assignable to type 'string | undefined'.
src/server/api/routers/youtube.ts(124,32): error TS2339: Property 'leaveParty' does not exist on type 'WatchPartyService'.
src/server/api/routers/youtube.ts(137,32): error TS2339: Property 'getPartyDetails' does not exist on type 'WatchPartyService'.
src/server/api/routers/youtube.ts(162,32): error TS2339: Property 'getUserParties' does not exist on type 'WatchPartyService'.
src/server/services/admin.service.ts(5,30): error TS2307: Cannot find module './email.service' or its corresponding type declarations.
src/server/services/admin.service.ts(570,55): error TS18046: 'error' is of type 'unknown'.
src/server/services/cache.service.ts(396,36): error TS2532: Object is possibly 'undefined'.
src/server/services/comment.service.ts(249,11): error TS2352: Conversion of type 'JsonValue[]' to type 'EditHistoryEntry[]' may be a mistake because neither type sufficiently overlaps with the other. If this was intentional, convert the expression to 'unknown' first.
  Type 'JsonValue' is not comparable to type 'EditHistoryEntry'.
    Type 'JsonValue[]' is missing the following properties from type 'EditHistoryEntry': content, editedAt
src/server/services/comment.service.ts(348,11): error TS2352: Conversion of type 'JsonValue[]' to type 'EditHistoryEntry[]' may be a mistake because neither type sufficiently overlaps with the other. If this was intentional, convert the expression to 'unknown' first.
  Type 'JsonValue' is not comparable to type 'EditHistoryEntry'.
    Type 'JsonValue[]' is missing the following properties from type 'EditHistoryEntry': content, editedAt
src/server/services/comment.service.ts(706,13): error TS2532: Object is possibly 'undefined'.
src/server/services/comment.service.ts(784,9): error TS2532: Object is possibly 'undefined'.
src/server/services/comment.service.ts(853,13): error TS2532: Object is possibly 'undefined'.
src/server/services/comment.service.ts(1055,13): error TS7022: 'comment' implicitly has type 'any' because it does not have a type annotation and is referenced directly or indirectly in its own initializer.
src/server/services/gamification.service.ts(205,11): error TS2353: Object literal may only specify known properties, and 'totalXpEarned' does not exist in type 'Without<UserStatsCreateInput, UserStatsUncheckedCreateInput> & UserStatsUncheckedCreateInput'.
src/server/services/gamification.service.ts(208,11): error TS2353: Object literal may only specify known properties, and 'totalXpEarned' does not exist in type '(Without<UserStatsUpdateInput, UserStatsUncheckedUpdateInput> & UserStatsUncheckedUpdateInput) | (Without<...> & UserStatsUpdateInput)'.
src/server/services/gamification.service.ts(637,11): error TS2532: Object is possibly 'undefined'.
src/server/services/gamification.service.ts(737,15): error TS2353: Object literal may only specify known properties, and '_count' does not exist in type 'ReactionListRelationFilter'.
src/server/services/gamification.service.ts(753,51): error TS2345: Argument of type 'string | undefined' is not assignable to parameter of type 'string'.
  Type 'undefined' is not assignable to type 'string'.
src/server/services/gamification.service.ts(897,11): error TS2353: Object literal may only specify known properties, and 'totalAchievements' does not exist in type 'Without<UserStatsCreateInput, UserStatsUncheckedCreateInput> & UserStatsUncheckedCreateInput'.
src/server/services/gamification.service.ts(900,11): error TS2353: Object literal may only specify known properties, and 'totalAchievements' does not exist in type '(Without<UserStatsUpdateInput, UserStatsUncheckedUpdateInput> & UserStatsUncheckedUpdateInput) | (Without<...> & UserStatsUpdateInput)'.
src/server/services/gamification.service.ts(934,7): error TS2322: Type 'string | null' is not assignable to type 'string | undefined'.
  Type 'null' is not assignable to type 'string | undefined'.
src/server/services/gamification.service.ts(965,9): error TS1117: An object literal cannot have multiple properties with the same name.
src/server/services/gamification.service.ts(1082,11): error TS2353: Object literal may only specify known properties, and 'questsCompleted' does not exist in type 'Without<UserStatsCreateInput, UserStatsUncheckedCreateInput> & UserStatsUncheckedCreateInput'.
src/server/services/gamification.service.ts(1085,11): error TS2353: Object literal may only specify known properties, and 'questsCompleted' does not exist in type '(Without<UserStatsUpdateInput, UserStatsUncheckedUpdateInput> & UserStatsUncheckedUpdateInput) | (Without<...> & UserStatsUpdateInput)'.
src/server/services/gamification.service.ts(1499,11): error TS2322: Type 'null' is not assignable to type 'string'.
src/server/services/gamification.service.ts(1510,9): error TS2322: Type 'LeaderboardEntry[]' is not assignable to type 'JsonNull | InputJsonValue'.
  Type 'LeaderboardEntry[]' is not assignable to type 'InputJsonObject'.
    Index signature for type 'string' is missing in type 'LeaderboardEntry[]'.
src/server/services/gamification.service.ts(1514,9): error TS2322: Type 'LeaderboardEntry[]' is not assignable to type 'JsonNull | InputJsonValue | undefined'.
  Type 'LeaderboardEntry[]' is not assignable to type 'InputJsonObject'.
    Index signature for type 'string' is missing in type 'LeaderboardEntry[]'.
src/server/services/mention.service.ts(145,21): error TS2345: Argument of type 'string | undefined' is not assignable to parameter of type 'string'.
  Type 'undefined' is not assignable to type 'string'.
src/server/services/post.service.ts(62,9): error TS2322: Type '{ connectOrCreate: { where: { name: string; }; create: { name: string; slug: string; }; }[]; }' is not assignable to type 'PostTagUncheckedCreateNestedManyWithoutPostInput | PostTagCreateNestedManyWithoutPostInput | undefined'.
  Types of property 'connectOrCreate' are incompatible.
    Type '{ where: { name: string; }; create: { name: string; slug: string; }; }[]' is not assignable to type 'PostTagCreateOrConnectWithoutPostInput | PostTagCreateOrConnectWithoutPostInput[] | undefined'.
      Type '{ where: { name: string; }; create: { name: string; slug: string; }; }[]' is not assignable to type 'PostTagCreateOrConnectWithoutPostInput[]'.
        Type '{ where: { name: string; }; create: { name: string; slug: string; }; }' is not assignable to type 'PostTagCreateOrConnectWithoutPostInput'.
          Types of property 'where' are incompatible.
            Type '{ name: string; }' is not assignable to type 'PostTagWhereUniqueInput'.
src/server/services/post.service.ts(204,9): error TS2322: Type 'JsonValue' is not assignable to type 'JsonNull | InputJsonValue'.
  Type 'null' is not assignable to type 'JsonNull | InputJsonValue'.
src/server/services/post.service.ts(312,13): error TS2322: Type 'string | null' is not assignable to type 'string'.
  Type 'null' is not assignable to type 'string'.
src/server/services/post.service.ts(409,17): error TS2322: Type '{ some: { name: string; }; } | undefined' is not assignable to type 'PostTagListRelationFilter | undefined'.
  Type '{ some: { name: string; }; }' is not assignable to type 'PostTagListRelationFilter'.
    Types of property 'some' are incompatible.
      Object literal may only specify known properties, and 'name' does not exist in type 'PostTagWhereInput'.
src/server/services/post.service.ts(474,7): error TS2322: Type '(string | null)[]' is not assignable to type 'string[]'.
  Type 'string | null' is not assignable to type 'string'.
    Type 'null' is not assignable to type 'string'.
src/server/services/post.service.ts(594,20): error TS2322: Type 'string | null' is not assignable to type 'string | undefined'.
  Type 'null' is not assignable to type 'string | undefined'.
src/server/services/post.service.ts(601,11): error TS2322: Type 'string | null' is not assignable to type 'string'.
  Type 'null' is not assignable to type 'string'.
src/server/services/post.service.ts(677,18): error TS2322: Type 'string | null' is not assignable to type 'string | undefined'.
  Type 'null' is not assignable to type 'string | undefined'.
src/server/services/post.service.ts(843,9): error TS2353: Object literal may only specify known properties, and 'entityId' does not exist in type 'Without<ReportCreateInput, ReportUncheckedCreateInput> & ReportUncheckedCreateInput'.
src/server/services/post.service.ts(869,41): error TS2339: Property 'id' does not exist on type '{ createdAt: Date; postId: string; addedBy: string | null; tagId: string; }'.
src/server/services/post.service.ts(881,33): error TS2353: Object literal may only specify known properties, and 'id' does not exist in type 'PostTagWhereInput'.
src/server/services/post.service.ts(1096,57): error TS2345: Argument of type '{ type: "USER_POSTED"; userId: string; actorId: any; entityId: any; entityType: string; message: string; title: string; }' is not assignable to parameter of type '{ type: NotificationType; userId: string; actorId?: string | undefined; entityId?: string | undefined; entityType?: string | undefined; title: string; message: string; data?: any; imageUrl?: string | undefined; actionUrl?: string | undefined; priority?: number | undefined; }'.
  Types of property 'type' are incompatible.
    Type '"USER_POSTED"' is not assignable to type 'NotificationType'.
src/server/services/realtime.service.ts(6,10): error TS2614: Module '"@/lib/redis"' has no exported member 'redisClient'. Did you mean to use 'import redisClient from "@/lib/redis"' instead?
src/server/services/search.service.ts(3,8): error TS2613: Module '"/Home1/test/node_modules/algoliasearch/dist/browser"' has no default export. Did you mean to use 'import { algoliasearch } from "/Home1/test/node_modules/algoliasearch/dist/browser"' instead?
src/server/services/search.service.ts(3,39): error TS2305: Module '"algoliasearch"' has no exported member 'SearchIndex'.
src/server/services/search.service.ts(56,23): error TS2531: Object is possibly 'null'.
src/server/services/search.service.ts(56,42): error TS2339: Property 'initIndex' does not exist on type '{ transporter: Transporter; appId: string; apiKey: string; clearCache(): Promise<void>; readonly _ua: string; addAlgoliaAgent(segment: string, version?: string | undefined): void; ... 76 more ...; updateApiKey({ key, apiKey }: UpdateApiKeyProps, requestOptions?: RequestOptions | undefined): Promise<...>; }'.
src/server/services/search.service.ts(57,23): error TS2531: Object is possibly 'null'.
src/server/services/search.service.ts(57,42): error TS2339: Property 'initIndex' does not exist on type '{ transporter: Transporter; appId: string; apiKey: string; clearCache(): Promise<void>; readonly _ua: string; addAlgoliaAgent(segment: string, version?: string | undefined): void; ... 76 more ...; updateApiKey({ key, apiKey }: UpdateApiKeyProps, requestOptions?: RequestOptions | undefined): Promise<...>; }'.
src/server/services/search.service.ts(58,22): error TS2531: Object is possibly 'null'.
src/server/services/search.service.ts(58,41): error TS2339: Property 'initIndex' does not exist on type '{ transporter: Transporter; appId: string; apiKey: string; clearCache(): Promise<void>; readonly _ua: string; addAlgoliaAgent(segment: string, version?: string | undefined): void; ... 76 more ...; updateApiKey({ key, apiKey }: UpdateApiKeyProps, requestOptions?: RequestOptions | undefined): Promise<...>; }'.
src/server/services/upload.service.ts(36,10): error TS7053: Element implicitly has an 'any' type because expression of type 'string' can't be used to index type '{ avatar: string[]; cover: string[]; post: string[]; comment: string[]; }'.
  No index signature with a parameter of type 'string' was found on type '{ avatar: string[]; cover: string[]; post: string[]; comment: string[]; }'.
src/server/services/user.service.ts(139,14): error TS2551: Property 'status' does not exist on type '{ image: string | null; id: string; role: UserRole; email: string; username: string; bio: string | null; verified: boolean; lastSeenAt: Date | null; createdAt: Date; profile: { ...; } | null; stats: { ...; } | null; _count: { ...; }; }'. Did you mean 'stats'?
src/server/services/user.service.ts(840,28): error TS2339: Property 'push' does not exist on type 'UserWhereInput | UserWhereInput[]'.
  Property 'push' does not exist on type 'UserWhereInput'.
src/server/services/user.service.ts(1116,38): error TS2339: Property 'checkAndUnlockAchievements' does not exist on type 'GamificationService'.
src/server/services/watch-party.service.ts(91,9): error TS2322: Type '"RESOURCE_EXHAUSTED"' is not assignable to type '"PARSE_ERROR" | "BAD_REQUEST" | "INTERNAL_SERVER_ERROR" | "NOT_IMPLEMENTED" | "BAD_GATEWAY" | "SERVICE_UNAVAILABLE" | "GATEWAY_TIMEOUT" | "UNAUTHORIZED" | "PAYMENT_REQUIRED" | ... 10 more ... | "CLIENT_CLOSED_REQUEST"'.
src/server/services/youtube.service.ts(3,10): error TS2300: Duplicate identifier 'PrismaClient'.
src/server/services/youtube.service.ts(6,10): error TS2300: Duplicate identifier 'TRPCError'.
src/server/services/youtube.service.ts(114,9): error TS2322: Type 'string | null | undefined' is not assignable to type 'string | undefined'.
  Type 'null' is not assignable to type 'string | undefined'.
src/server/services/youtube.service.ts(117,38): error TS2345: Argument of type 'string | null | undefined' is not assignable to parameter of type 'string | undefined'.
  Type 'null' is not assignable to type 'string | undefined'.
src/server/services/youtube.service.ts(118,48): error TS2345: Argument of type 'string | null | undefined' is not assignable to parameter of type 'string | undefined'.
  Type 'null' is not assignable to type 'string | undefined'.
src/server/services/youtube.service.ts(124,9): error TS2322: Type 'string | null | undefined' is not assignable to type 'string | undefined'.
  Type 'null' is not assignable to type 'string | undefined'.
src/server/services/youtube.service.ts(126,9): error TS2322: Type 'string | null | undefined' is not assignable to type 'string | undefined'.
  Type 'null' is not assignable to type 'string | undefined'.
src/server/services/youtube.service.ts(174,9): error TS2322: Type 'string | null | undefined' is not assignable to type 'string | undefined'.
  Type 'null' is not assignable to type 'string | undefined'.
src/server/services/youtube.service.ts(176,9): error TS2322: Type 'string | null | undefined' is not assignable to type 'string | undefined'.
  Type 'null' is not assignable to type 'string | undefined'.
src/server/services/youtube.service.ts(181,9): error TS2322: Type 'string | null | undefined' is not assignable to type 'string | undefined'.
  Type 'null' is not assignable to type 'string | undefined'.
src/server/services/youtube.service.ts(274,11): error TS2322: Type '"RESOURCE_EXHAUSTED"' is not assignable to type '"PARSE_ERROR" | "BAD_REQUEST" | "INTERNAL_SERVER_ERROR" | "NOT_IMPLEMENTED" | "BAD_GATEWAY" | "SERVICE_UNAVAILABLE" | "GATEWAY_TIMEOUT" | "UNAUTHORIZED" | "PAYMENT_REQUIRED" | ... 10 more ... | "CLIENT_CLOSED_REQUEST"'.
src/server/services/youtube.service.ts(337,7): error TS2322: Type '{ items: SearchResult[]; nextPageToken: string | null | undefined; totalResults: number; }' is not assignable to type '{ items: SearchResult[]; nextPageToken?: string | undefined; totalResults: number; }'.
  Types of property 'nextPageToken' are incompatible.
    Type 'string | null | undefined' is not assignable to type 'string | undefined'.
      Type 'null' is not assignable to type 'string | undefined'.
src/server/services/youtube.service.ts(469,11): error TS2532: Object is possibly 'undefined'.
src/server/services/youtube.service.ts(492,11): error TS2532: Object is possibly 'undefined'.
src/server/services/youtube.service.ts(525,26): error TS2339: Property 'subscriberCount' does not exist on type '{ _count: { watchParties: number; clips: number; }; analytics: { id: string; videoId: string; updatedAt: Date; shareCount: number; engagementRate: number; watchTime: bigint; avgWatchTime: number; ... 5 more ...; peakViewers: number; } | null; } & { ...; }'.
src/server/services/youtube.service.ts(525,53): error TS2339: Property 'subscriberCount' does not exist on type '{ _count: { watchParties: number; clips: number; }; analytics: { id: string; videoId: string; updatedAt: Date; shareCount: number; engagementRate: number; watchTime: bigint; avgWatchTime: number; ... 5 more ...; peakViewers: number; } | null; } & { ...; }'.
src/server/services/youtube.service.ts(674,7): error TS2322: Type '{ id: string; title: string; description: string; thumbnail: string; thumbnailHd: string | null | undefined; channelId: string; channelTitle: string; duration: number; durationFormatted: string; ... 6 more ...; liveBroadcast: boolean; }[]' is not assignable to type 'VideoDetails[]'.
  Type '{ id: string; title: string; description: string; thumbnail: string; thumbnailHd: string | null | undefined; channelId: string; channelTitle: string; duration: number; durationFormatted: string; ... 6 more ...; liveBroadcast: boolean; }' is not assignable to type 'VideoDetails'.
    Types of property 'thumbnailHd' are incompatible.
      Type 'string | null | undefined' is not assignable to type 'string | undefined'.
        Type 'null' is not assignable to type 'string | undefined'.
src/server/services/youtube.service.ts(682,38): error TS2345: Argument of type 'string | null | undefined' is not assignable to parameter of type 'string | undefined'.
  Type 'null' is not assignable to type 'string | undefined'.
src/server/services/youtube.service.ts(683,48): error TS2345: Argument of type 'string | null | undefined' is not assignable to parameter of type 'string | undefined'.
  Type 'null' is not assignable to type 'string | undefined'.
src/server/services/youtube.service.ts(888,10): error TS2300: Duplicate identifier 'PrismaClient'.
src/server/services/youtube.service.ts(889,10): error TS2300: Duplicate identifier 'TRPCError'.
src/server/services/youtube.service.ts(890,10): error TS2305: Module '"@/lib/utils"' has no exported member 'generateUniqueCode'.
src/server/services/youtube.service.ts(1118,11): error TS2532: Object is possibly 'undefined'.
src/server/websocket/socket.server.ts(4,23): error TS7016: Could not find a declaration file for module 'cookie'. '/Home1/test/node_modules/cookie/index.js' implicitly has an 'any' type.
  Try `npm i --save-dev @types/cookie` if it exists or add a new declaration (.d.ts) file containing `declare module 'cookie';`
src/server/websocket/socket.server.ts(7,10): error TS2724: '"@/lib/rate-limit"' has no exported member named 'RateLimiter'. Did you mean 'ratelimit'?
src/server/websocket/socket.server.ts(319,9): error TS2345: Argument of type 'string | undefined' is not assignable to parameter of type 'string'.
  Type 'undefined' is not assignable to type 'string'.
src/server/websocket/socket.server.ts(328,11): error TS2345: Argument of type 'string | undefined' is not assignable to parameter of type 'string'.
  Type 'undefined' is not assignable to type 'string'.
src/server/websocket/socket.server.ts(351,9): error TS2345: Argument of type 'string | undefined' is not assignable to parameter of type 'string'.
  Type 'undefined' is not assignable to type 'string'.
src/server/websocket/socket.server.ts(596,24): error TS2532: Object is possibly 'undefined'.
src/server/websocket/socket.server.ts(781,31): error TS2345: Argument of type '"collab:cursor"' is not assignable to parameter of type '"error" | "user:online" | "user:offline" | "post:created" | "post:updated" | "post:deleted" | "post:liked" | "comment:created" | "comment:updated" | "comment:deleted" | "reconnect" | ... 12 more ... | "watchParty:message"'.
src/server/websocket/socket.server.ts(814,31): error TS2345: Argument of type '"collab:change"' is not assignable to parameter of type '"error" | "user:online" | "user:offline" | "post:created" | "post:updated" | "post:deleted" | "post:liked" | "comment:created" | "comment:updated" | "comment:deleted" | "reconnect" | ... 12 more ... | "watchParty:message"'.
src/server/websocket/socket.server.ts(911,31): error TS2322: Type 'string | undefined' is not assignable to type 'string'.
  Type 'undefined' is not assignable to type 'string'.
src/server/websocket/socket.server.ts(956,9): error TS2345: Argument of type 'string | undefined' is not assignable to parameter of type 'string'.
  Type 'undefined' is not assignable to type 'string'.
src/services/auth.service.ts(3,17): error TS2614: Module '"@/lib/redis"' has no exported member 'redisHelpers'. Did you mean to use 'import redisHelpers from "@/lib/redis"' instead?
src/services/auth.service.ts(8,3): error TS2305: Module '"@/lib/security"' has no exported member 'generateVerificationCode'.
src/services/auth.service.ts(9,3): error TS2305: Module '"@/lib/security"' has no exported member 'trackLoginAttempt'.
src/services/auth.service.ts(10,3): error TS2305: Module '"@/lib/security"' has no exported member 'createSecurityAlert'.
src/services/auth.service.ts(11,3): error TS2305: Module '"@/lib/security"' has no exported member 'twoFactorAuth'.
src/services/auth.service.ts(12,3): error TS2305: Module '"@/lib/security"' has no exported member 'generateCorrelationId'.
src/services/auth.service.ts(13,3): error TS2305: Module '"@/lib/security"' has no exported member 'generateRequestId'.
src/services/auth.service.ts(289,50): error TS2554: Expected 0-1 arguments, but got 2.
src/services/auth.service.ts(313,67): error TS2353: Object literal may only specify known properties, and 'correlationId' does not exist in type '{ userId: string; ipAddress: string; }'.
src/services/auth.service.ts(417,23): error TS2345: Argument of type '"auth:2faEnabled"' is not assignable to parameter of type 'keyof SystemEvents'.
src/services/auth.service.ts(481,23): error TS2345: Argument of type '"auth:2faDisabled"' is not assignable to parameter of type 'keyof SystemEvents'.
src/services/auth.service.ts(563,55): error TS2353: Object literal may only specify known properties, and 'correlationId' does not exist in type '{ userId: string; }'.
src/services/auth.service.ts(585,13): error TS2339: Property 'canRequestPasswordReset' does not exist on type 'typeof import("/Home1/test/src/lib/security")'.
src/services/auth.service.ts(592,48): error TS2554: Expected 0-1 arguments, but got 2.
src/services/auth.service.ts(627,23): error TS2345: Argument of type '"auth:passwordResetRequested"' is not assignable to parameter of type 'keyof SystemEvents'.
src/services/auth.service.ts(645,13): error TS2339: Property 'validatePasswordStrength' does not exist on type 'typeof import("/Home1/test/src/lib/security")'.
src/services/auth.service.ts(694,7): error TS2353: Object literal may only specify known properties, and 'correlationId' does not exist in type '{ userId: string; }'.
src/services/auth.service.ts(717,7): error TS2353: Object literal may only specify known properties, and 'userId' does not exist in type '{ sessionToken: string; }'.
src/services/email.service.ts(2,24): error TS7016: Could not find a declaration file for module 'nodemailer'. '/Home1/test/node_modules/nodemailer/lib/nodemailer.js' implicitly has an 'any' type.
  Try `npm i --save-dev @types/nodemailer` if it exists or add a new declaration (.d.ts) file containing `declare module 'nodemailer';`
src/services/email.service.ts(5,17): error TS2614: Module '"@/lib/redis"' has no exported member 'redisHelpers'. Did you mean to use 'import redisHelpers from "@/lib/redis"' instead?
src/services/email.service.ts(115,71): error TS2345: Argument of type 'unknown' is not assignable to parameter of type 'LogContext | undefined'.
src/services/email.service.ts(307,34): error TS2345: Argument of type 'Promise<string>' is not assignable to parameter of type 'string'.
src/services/email.service.ts(309,14): error TS2322: Type 'Promise<string>' is not assignable to type 'string'.
src/services/email.service.ts(340,23): error TS2345: Argument of type '"email:sent"' is not assignable to parameter of type 'keyof SystemEvents'.
src/services/email.service.ts(533,20): error TS2353: Object literal may only specify known properties, and 'likes' does not exist in type 'PostOrderByWithRelationInput | PostOrderByWithRelationInput[]'.
src/services/notification.service.ts(3,17): error TS2614: Module '"@/lib/redis"' has no exported member 'redisHelpers'. Did you mean to use 'import redisHelpers from "@/lib/redis"' instead?
src/services/notification.service.ts(187,18): error TS7053: Element implicitly has an 'any' type because expression of type 'NotificationType' can't be used to index type '{ SYSTEM: number; ACHIEVEMENT_UNLOCKED: number; LEVEL_UP: number; CONTENT_FEATURED: number; MILESTONE_REACHED: number; default: number; }'.
  Property 'POST_LIKED' does not exist on type '{ SYSTEM: number; ACHIEVEMENT_UNLOCKED: number; LEVEL_UP: number; CONTENT_FEATURED: number; MILESTONE_REACHED: number; default: number; }'.
src/services/notification.service.ts(286,34): error TS2532: Object is possibly 'undefined'.
src/services/upload.service.ts(3,17): error TS2614: Module '"@/lib/redis"' has no exported member 'redisHelpers'. Did you mean to use 'import redisHelpers from "@/lib/redis"' instead?
src/services/upload.service.ts(121,25): error TS2345: Argument of type '"file:uploaded"' is not assignable to parameter of type 'keyof SystemEvents'.
src/services/upload.service.ts(166,50): error TS2345: Argument of type 'Buffer<ArrayBufferLike> | Uint8Array<ArrayBufferLike>' is not assignable to parameter of type 'Buffer<ArrayBufferLike>'.
  Type 'Uint8Array<ArrayBufferLike>' is missing the following properties from type 'Buffer<ArrayBufferLike>': write, toJSON, equals, compare, and 66 more.
src/services/upload.service.ts(187,26): error TS2339: Property 'width' does not exist on type '{ width: number; height: number; quality: number; } | { width: number; height: number; quality: number; } | { width: number; height: number; quality: number; } | { width: number; height: number; quality: number; } | { ...; }'.
  Property 'width' does not exist on type '{ quality: number; }'.
src/services/upload.service.ts(187,40): error TS2339: Property 'height' does not exist on type '{ width: number; height: number; quality: number; } | { width: number; height: number; quality: number; } | { width: number; height: number; quality: number; } | { width: number; height: number; quality: number; } | { ...; }'.
  Property 'height' does not exist on type '{ quality: number; }'.
src/services/upload.service.ts(417,12): error TS2532: Object is possibly 'undefined'.
src/services/upload.service.ts(475,23): error TS2345: Argument of type '"upload:progress"' is not assignable to parameter of type 'keyof SystemEvents'.
src/services/user.service.ts(3,17): error TS2614: Module '"@/lib/redis"' has no exported member 'redisHelpers'. Did you mean to use 'import redisHelpers from "@/lib/redis"' instead?
src/services/user.service.ts(14,3): error TS2305: Module '"@/lib/security"' has no exported member 'validatePasswordStrength'.
src/services/user.service.ts(15,3): error TS2305: Module '"@/lib/security"' has no exported member 'validateField'.
src/services/user.service.ts(16,3): error TS2305: Module '"@/lib/security"' has no exported member 'SCHEMA_LIMITS'.
src/services/user.service.ts(17,3): error TS2305: Module '"@/lib/security"' has no exported member 'generateCorrelationId'.
src/services/user.service.ts(216,49): error TS2353: Object literal may only specify known properties, and 'correlationId' does not exist in type '{ user: any; }'.
src/services/user.service.ts(385,47): error TS2353: Object literal may only specify known properties, and 'correlationId' does not exist in type '{ user: any; }'.
src/services/user.service.ts(483,7): error TS2353: Object literal may only specify known properties, and 'correlationId' does not exist in type '{ user: any; status: string; reason?: string | undefined; }'.
src/services/user.service.ts(624,11): error TS2353: Object literal may only specify known properties, and 'correlationId' does not exist in type '{ userId: string; oldLevel: number; newLevel: number; }'.
src/services/user.service.ts(774,25): error TS2551: Property 'status' does not exist on type '{ image: string | null; id: string; role: UserRole; level: number; username: string; bio: string | null; verified: boolean; lastSeenAt: Date | null; createdAt: Date; profile: { ...; } | null; stats: { ...; } | null; _count: { ...; }; }'. Did you mean 'stats'?
src/services/user.service.ts(862,49): error TS2353: Object literal may only specify known properties, and 'correlationId' does not exist in type '{ userId: string; }'.
src/types/comment.ts(49,18): error TS2430: Interface 'CommentWithRelations' incorrectly extends interface '{ id: string; createdAt: Date; authorId: string | null; content: string; authorName: string | null; featured: boolean; version: number; moderationStatus: ModerationStatus; ... 14 more ...; pinned: boolean; }'.
  Types of property 'editHistory' are incompatible.
    Type 'EditHistoryEntry[] | undefined' is not assignable to type 'JsonValue[]'.
      Type 'undefined' is not assignable to type 'JsonValue[]'.
